2020-02-17 10:15:35.922  INFO 13228 --- [restartedMain] l.m.community.CommunityApplication       : Starting CommunityApplication on DESKTOP-SGI347A with PID 13228 (D:\community\communitying\target\classes started by asus in D:\community\communitying)
2020-02-17 10:15:35.923  INFO 13228 --- [restartedMain] l.m.community.CommunityApplication       : No active profile set, falling back to default profiles: default
2020-02-17 10:15:36.408  WARN 13228 --- [restartedMain] org.apache.tomcat.util.modeler.Registry  : The MBean registry cannot be disabled because it has already been initialised
2020-02-17 10:15:36.472  INFO 13228 --- [restartedMain] o.s.b.w.embedded.tomcat.TomcatWebServer  : Tomcat initialized with port(s): 8080 (http)
2020-02-17 10:15:36.475  INFO 13228 --- [restartedMain] o.apache.catalina.core.StandardService   : Starting service [Tomcat]
2020-02-17 10:15:36.475  INFO 13228 --- [restartedMain] org.apache.catalina.core.StandardEngine  : Starting Servlet engine: [Apache Tomcat/9.0.29]
2020-02-17 10:15:36.498  INFO 13228 --- [restartedMain] o.a.c.c.C.[Tomcat].[localhost].[/]       : Initializing Spring embedded WebApplicationContext
2020-02-17 10:15:36.499  INFO 13228 --- [restartedMain] o.s.web.context.ContextLoader            : Root WebApplicationContext: initialization completed in 572 ms
2020-02-17 10:15:36.524  INFO 13228 --- [restartedMain] com.zaxxer.hikari.HikariDataSource       : HikariPool-2 - Starting...
2020-02-17 10:15:36.538  INFO 13228 --- [restartedMain] com.zaxxer.hikari.HikariDataSource       : HikariPool-2 - Start completed.
2020-02-17 10:15:36.538  INFO 13228 --- [restartedMain] o.s.b.a.h2.H2ConsoleAutoConfiguration    : H2 console available at '/h2-console'. Database available at 'jdbc:h2:~/community'
2020-02-17 10:15:36.876  INFO 13228 --- [restartedMain] o.s.s.concurrent.ThreadPoolTaskExecutor  : Initializing ExecutorService 'applicationTaskExecutor'
2020-02-17 10:15:36.913  INFO 13228 --- [restartedMain] o.s.b.a.w.s.WelcomePageHandlerMapping    : Adding welcome page template: index
2020-02-17 10:15:36.988  WARN 13228 --- [restartedMain] org.flywaydb.core.Flyway                 : Direct configuration of the Flyway object has been deprecated and will be removed in Flyway 6.0. Use Flyway.configure() instead.
2020-02-17 10:15:36.989  INFO 13228 --- [restartedMain] o.f.c.internal.database.DatabaseFactory  : Database: jdbc:h2:~/community (H2 1.4)
2020-02-17 10:15:36.991  WARN 13228 --- [restartedMain] o.f.c.internal.database.base.Database    : Flyway upgrade recommended: H2 1.4.199 is newer than this version of Flyway and support has not been tested.
2020-02-17 10:15:37.021  INFO 13228 --- [restartedMain] o.f.core.internal.command.DbValidate     : Successfully validated 13 migrations (execution time 00:00.022s)
2020-02-17 10:15:37.029  INFO 13228 --- [restartedMain] o.f.core.internal.command.DbMigrate      : Current version of schema "PUBLIC": 11.1
2020-02-17 10:15:37.030  INFO 13228 --- [restartedMain] o.f.core.internal.command.DbMigrate      : Schema "PUBLIC" is up to date. No migration necessary.
2020-02-17 10:15:37.110  INFO 13228 --- [restartedMain] o.s.b.d.a.OptionalLiveReloadServer       : LiveReload server is running on port 35729
2020-02-17 10:15:37.310  INFO 13228 --- [restartedMain] o.s.b.w.embedded.tomcat.TomcatWebServer  : Tomcat started on port(s): 8080 (http) with context path ''
2020-02-17 10:15:37.327  INFO 13228 --- [restartedMain] l.m.community.CommunityApplication       : Started CommunityApplication in 1.51 seconds (JVM running for 1323.426)
2020-02-17 10:15:37.332  INFO 13228 --- [restartedMain] .ConditionEvaluationDeltaLoggingListener : Condition evaluation unchanged
2020-02-17 10:15:37.346  INFO 13228 --- [http-nio-8080-exec-10] o.a.c.c.C.[Tomcat].[localhost].[/]       : Initializing Spring DispatcherServlet 'dispatcherServlet'
2020-02-17 10:15:37.348  INFO 13228 --- [http-nio-8080-exec-10] o.s.web.servlet.DispatcherServlet        : Initializing Servlet 'dispatcherServlet'
2020-02-17 10:15:37.359  INFO 13228 --- [http-nio-8080-exec-10] o.s.web.servlet.DispatcherServlet        : Completed initialization in 10 ms
2020-02-17 10:17:02.736  INFO 13228 --- [Thread-26] o.s.s.concurrent.ThreadPoolTaskExecutor  : Shutting down ExecutorService 'applicationTaskExecutor'
2020-02-17 10:17:02.737  INFO 13228 --- [Thread-26] com.zaxxer.hikari.HikariDataSource       : HikariPool-2 - Shutdown initiated...
2020-02-17 10:17:03.243  INFO 13228 --- [Thread-26] com.zaxxer.hikari.HikariDataSource       : HikariPool-2 - Shutdown completed.
